<?xml version="1.0" encoding="UTF-8"?>
<testsuite name="com.example.myapplication.ExampleUnitTest" tests="1" skipped="0" failures="0" errors="0" timestamp="2023-06-25T14:19:38" hostname="DESKTOP-GNRI1UC" time="0.001">
  <properties/>
  <testcase name="addition_isCorrect" classname="com.example.myapplication.ExampleUnitTest" time="0.001"/>
  <system-out><![CDATA[]]></system-out>
  <system-err><![CDATA[]]></system-err>
</testsuite>
